[22:08:44] [Server thread/INFO]: Starting minecraft server version 1.7.10
[22:08:54] [Server thread/INFO]: Loading properties
[22:08:54] [Server thread/INFO]: Default game type: SURVIVAL
[22:08:54] [Server thread/INFO]: Generating keypair
[22:08:54] [Server thread/INFO]: Starting Minecraft server on *:25565
[22:08:55] [Server thread/WARN]: Failed to load user banlist: 
java.io.FileNotFoundException: banned-players.json (The system cannot find the file specified)
	at java.io.FileInputStream.open(Native Method) ~[?:1.7.0_71]
	at java.io.FileInputStream.<init>(FileInputStream.java:146) ~[?:1.7.0_71]
	at com.google.common.io.Files.newReader(Files.java:86) ~[guava-17.0.jar:?]
	at net.minecraft.server.management.UserList.func_152679_g(UserList.java:195) ~[UserList.class:?]
	at net.minecraft.server.dedicated.DedicatedPlayerList.func_152620_y(DedicatedPlayerList.java:124) [DedicatedPlayerList.class:?]
	at net.minecraft.server.dedicated.DedicatedPlayerList.<init>(DedicatedPlayerList.java:31) [DedicatedPlayerList.class:?]
	at net.minecraft.server.dedicated.DedicatedServer.startServer(DedicatedServer.java:214) [DedicatedServer.class:?]
	at net.minecraft.server.MinecraftServer.run(MinecraftServer.java:445) [MinecraftServer.class:?]
	at net.minecraft.server.MinecraftServer$2.run(MinecraftServer.java:752) [MinecraftServer$2.class:?]
[22:08:55] [Server thread/WARN]: Failed to load ip banlist: 
java.io.FileNotFoundException: banned-ips.json (The system cannot find the file specified)
	at java.io.FileInputStream.open(Native Method) ~[?:1.7.0_71]
	at java.io.FileInputStream.<init>(FileInputStream.java:146) ~[?:1.7.0_71]
	at com.google.common.io.Files.newReader(Files.java:86) ~[guava-17.0.jar:?]
	at net.minecraft.server.management.UserList.func_152679_g(UserList.java:195) ~[UserList.class:?]
	at net.minecraft.server.dedicated.DedicatedPlayerList.func_152619_x(DedicatedPlayerList.java:112) [DedicatedPlayerList.class:?]
	at net.minecraft.server.dedicated.DedicatedPlayerList.<init>(DedicatedPlayerList.java:33) [DedicatedPlayerList.class:?]
	at net.minecraft.server.dedicated.DedicatedServer.startServer(DedicatedServer.java:214) [DedicatedServer.class:?]
	at net.minecraft.server.MinecraftServer.run(MinecraftServer.java:445) [MinecraftServer.class:?]
	at net.minecraft.server.MinecraftServer$2.run(MinecraftServer.java:752) [MinecraftServer$2.class:?]
[22:08:55] [Server thread/WARN]: Failed to load operators list: 
java.io.FileNotFoundException: ops.json (The system cannot find the file specified)
	at java.io.FileInputStream.open(Native Method) ~[?:1.7.0_71]
	at java.io.FileInputStream.<init>(FileInputStream.java:146) ~[?:1.7.0_71]
	at com.google.common.io.Files.newReader(Files.java:86) ~[guava-17.0.jar:?]
	at net.minecraft.server.management.UserList.func_152679_g(UserList.java:195) ~[UserList.class:?]
	at net.minecraft.server.dedicated.DedicatedPlayerList.loadOpsList(DedicatedPlayerList.java:136) [DedicatedPlayerList.class:?]
	at net.minecraft.server.dedicated.DedicatedPlayerList.<init>(DedicatedPlayerList.java:35) [DedicatedPlayerList.class:?]
	at net.minecraft.server.dedicated.DedicatedServer.startServer(DedicatedServer.java:214) [DedicatedServer.class:?]
	at net.minecraft.server.MinecraftServer.run(MinecraftServer.java:445) [MinecraftServer.class:?]
	at net.minecraft.server.MinecraftServer$2.run(MinecraftServer.java:752) [MinecraftServer$2.class:?]
[22:08:55] [Server thread/WARN]: Failed to load white-list: 
java.io.FileNotFoundException: whitelist.json (The system cannot find the file specified)
	at java.io.FileInputStream.open(Native Method) ~[?:1.7.0_71]
	at java.io.FileInputStream.<init>(FileInputStream.java:146) ~[?:1.7.0_71]
	at com.google.common.io.Files.newReader(Files.java:86) ~[guava-17.0.jar:?]
	at net.minecraft.server.management.UserList.func_152679_g(UserList.java:195) ~[UserList.class:?]
	at net.minecraft.server.dedicated.DedicatedPlayerList.readWhiteList(DedicatedPlayerList.java:160) [DedicatedPlayerList.class:?]
	at net.minecraft.server.dedicated.DedicatedPlayerList.<init>(DedicatedPlayerList.java:36) [DedicatedPlayerList.class:?]
	at net.minecraft.server.dedicated.DedicatedServer.startServer(DedicatedServer.java:214) [DedicatedServer.class:?]
	at net.minecraft.server.MinecraftServer.run(MinecraftServer.java:445) [MinecraftServer.class:?]
	at net.minecraft.server.MinecraftServer$2.run(MinecraftServer.java:752) [MinecraftServer$2.class:?]
[22:08:56] [Server thread/INFO]: Preparing level "world"
[22:08:58] [Server thread/INFO]: Preparing start region for level 0
[22:08:59] [Server thread/INFO]: Preparing spawn area: 4%
[22:09:00] [Server thread/INFO]: Preparing spawn area: 11%
[22:09:01] [Server thread/INFO]: Preparing spawn area: 20%
[22:09:02] [Server thread/INFO]: Preparing spawn area: 28%
[22:09:03] [Server thread/INFO]: Preparing spawn area: 38%
[22:09:04] [Server thread/INFO]: Preparing spawn area: 50%
[22:09:05] [Server thread/INFO]: Preparing spawn area: 62%
[22:09:06] [Server thread/INFO]: Preparing spawn area: 68%
[22:09:07] [Server thread/INFO]: Preparing spawn area: 77%
[22:09:08] [Server thread/INFO]: Preparing spawn area: 86%
[22:09:09] [Server thread/INFO]: Preparing spawn area: 95%
[22:09:09] [Server thread/INFO]: Done (13.993s)! For help, type "help" or "?"
[22:09:26] [main/INFO]: Setting user: Player765
[22:09:29] [Client thread/INFO]: LWJGL Version: 2.9.1
[22:09:37] [Client thread/INFO]: Reloading ResourceManager: Default, FMLFileResourcePack:Forge Mod Loader, FMLFileResourcePack:Minecraft Forge, FMLFileResourcePack:Mineral Essentials
[22:09:39] [Sound Library Loader/INFO]: Sound engine started
[22:09:45] [Client thread/INFO]: Created: 2048x2048 textures/blocks-atlas
[22:09:45] [Client thread/INFO]: Created: 512x256 textures/items-atlas
[22:09:45] [Client thread/INFO]: Reloading ResourceManager: Default, FMLFileResourcePack:Forge Mod Loader, FMLFileResourcePack:Minecraft Forge, FMLFileResourcePack:Mineral Essentials
[22:09:46] [Client thread/INFO]: Created: 512x256 textures/items-atlas
[22:09:50] [Client thread/INFO]: Created: 2048x2048 textures/blocks-atlas
[22:09:50] [Sound Library Loader/INFO]: Sound engine started
[22:09:52] [Client thread/INFO]: Stopping!
