[18:51:08] [main/INFO]: Logging in with username & password
[18:51:16] [main/INFO]: Setting user: untamemadman
[18:51:18] [Client thread/INFO]: LWJGL Version: 2.9.1
[18:51:20] [Twitch authenticator/ERROR]: Given twitch access token is invalid
[18:51:26] [Client thread/INFO]: Reloading ResourceManager: Default, FMLFileResourcePack:Forge Mod Loader, FMLFileResourcePack:Minecraft Forge, FMLFileResourcePack:DevCapesOld Test, FMLFileResourcePack:Mineral Essentials
[18:51:28] [Sound Library Loader/INFO]: Sound engine started
[18:51:31] [Client thread/INFO]: Created: 2048x1024 textures/blocks-atlas
[18:51:32] [Client thread/INFO]: Created: 512x256 textures/items-atlas
[18:51:33] [Client thread/INFO]: Reloading ResourceManager: Default, FMLFileResourcePack:Forge Mod Loader, FMLFileResourcePack:Minecraft Forge, FMLFileResourcePack:DevCapesOld Test, FMLFileResourcePack:Mineral Essentials
[18:51:33] [Client thread/INFO]: Created: 512x256 textures/items-atlas
[18:51:35] [Client thread/INFO]: Created: 2048x1024 textures/blocks-atlas
[18:51:36] [Sound Library Loader/INFO]: Sound engine started
[18:51:44] [Server thread/INFO]: Starting integrated minecraft server version 1.7.10
[18:51:44] [Server thread/INFO]: Generating keypair
[18:51:45] [Server thread/INFO]: Preparing start region for level 0
[18:51:46] [Server thread/INFO]: Preparing spawn area: 23%
[18:51:47] [Server thread/INFO]: Changing view distance to 12, from 10
[18:51:47] [Server thread/INFO]: untamemadman[local:E:81131743] logged in with entity id 260 at (87.69999998807907, 64.0, 258.6391938102413)
[18:51:47] [Server thread/INFO]: untamemadman joined the game
[18:51:48] [Server thread/INFO]: [@: Game rule has been updated]
[18:51:48] [Server thread/INFO]: [@: Changing to clear weather]
[18:51:50] [Server thread/INFO]: [@: Game rule has been updated]
[18:51:50] [Server thread/INFO]: [@: Changing to clear weather]
[18:51:54] [Server thread/INFO]: [@: Game rule has been updated]
[18:51:54] [Server thread/INFO]: [@: Changing to clear weather]
[18:51:57] [Server thread/INFO]: [@: Game rule has been updated]
[18:51:57] [Server thread/INFO]: [@: Changing to clear weather]
[18:52:00] [Server thread/INFO]: [@: Game rule has been updated]
[18:52:00] [Server thread/INFO]: [@: Changing to clear weather]
[18:52:03] [Server thread/INFO]: [@: Game rule has been updated]
[18:52:03] [Server thread/INFO]: [@: Changing to clear weather]
[18:52:07] [Server thread/INFO]: [@: Game rule has been updated]
[18:52:07] [Server thread/INFO]: [@: Changing to clear weather]
[18:52:10] [Server thread/INFO]: [@: Game rule has been updated]
[18:52:10] [Server thread/INFO]: [@: Changing to clear weather]
[18:52:13] [Server thread/INFO]: [@: Game rule has been updated]
[18:52:13] [Server thread/INFO]: [@: Changing to clear weather]
[18:52:17] [Server thread/INFO]: [@: Game rule has been updated]
[18:52:17] [Server thread/INFO]: [@: Changing to clear weather]
[18:52:20] [Server thread/INFO]: [@: Game rule has been updated]
[18:52:20] [Server thread/INFO]: [@: Changing to clear weather]
[18:52:23] [Server thread/INFO]: [@: Game rule has been updated]
[18:52:23] [Server thread/INFO]: [@: Changing to clear weather]
[18:52:27] [Server thread/INFO]: [@: Game rule has been updated]
[18:52:27] [Server thread/INFO]: [@: Changing to clear weather]
[18:52:30] [Server thread/INFO]: [@: Game rule has been updated]
[18:52:30] [Server thread/INFO]: [@: Changing to clear weather]
[18:52:33] [Server thread/INFO]: [@: Game rule has been updated]
[18:52:33] [Server thread/INFO]: [@: Changing to clear weather]
[18:52:36] [Server thread/INFO]: [@: Game rule has been updated]
[18:52:36] [Server thread/INFO]: [@: Changing to clear weather]
[18:52:40] [Server thread/INFO]: [@: Game rule has been updated]
[18:52:40] [Server thread/INFO]: [@: Changing to clear weather]
[18:52:43] [Server thread/INFO]: [@: Game rule has been updated]
[18:52:43] [Server thread/INFO]: [@: Changing to clear weather]
[18:52:46] [Server thread/INFO]: [@: Game rule has been updated]
[18:52:46] [Server thread/INFO]: [@: Changing to clear weather]
[18:52:50] [Server thread/INFO]: [@: Game rule has been updated]
[18:52:50] [Server thread/INFO]: [@: Changing to clear weather]
[18:52:53] [Server thread/INFO]: [@: Game rule has been updated]
[18:52:53] [Server thread/INFO]: [@: Changing to clear weather]
[18:52:56] [Server thread/INFO]: [@: Game rule has been updated]
[18:52:56] [Server thread/INFO]: [@: Changing to clear weather]
[18:53:00] [Server thread/INFO]: [@: Game rule has been updated]
[18:53:00] [Server thread/INFO]: [@: Changing to clear weather]
[18:53:03] [Server thread/INFO]: [@: Game rule has been updated]
[18:53:03] [Server thread/INFO]: [@: Changing to clear weather]
[18:53:06] [Server thread/INFO]: [@: Game rule has been updated]
[18:53:06] [Server thread/INFO]: [@: Changing to clear weather]
[18:53:09] [Server thread/INFO]: [@: Game rule has been updated]
[18:53:09] [Server thread/INFO]: [@: Changing to clear weather]
[18:53:13] [Server thread/INFO]: [@: Game rule has been updated]
[18:53:13] [Server thread/INFO]: [@: Changing to clear weather]
[18:53:16] [Server thread/INFO]: [@: Game rule has been updated]
[18:53:16] [Server thread/INFO]: [@: Changing to clear weather]
[18:53:19] [Server thread/INFO]: [@: Game rule has been updated]
[18:53:19] [Server thread/INFO]: [@: Changing to clear weather]
[18:53:23] [Server thread/INFO]: [@: Game rule has been updated]
[18:53:23] [Server thread/INFO]: [@: Changing to clear weather]
[18:53:26] [Server thread/INFO]: [@: Game rule has been updated]
[18:53:26] [Server thread/INFO]: [@: Changing to clear weather]
[18:53:29] [Server thread/INFO]: [@: Game rule has been updated]
[18:53:29] [Server thread/INFO]: [@: Changing to clear weather]
[18:53:33] [Server thread/INFO]: [@: Game rule has been updated]
[18:53:33] [Server thread/INFO]: [@: Changing to clear weather]
[18:53:36] [Server thread/INFO]: [@: Game rule has been updated]
[18:53:36] [Server thread/INFO]: [@: Changing to clear weather]
[18:53:39] [Server thread/INFO]: [@: Game rule has been updated]
[18:53:39] [Server thread/INFO]: [@: Changing to clear weather]
[18:53:42] [Server thread/INFO]: [@: Game rule has been updated]
[18:53:42] [Server thread/INFO]: [@: Changing to clear weather]
[18:53:46] [Server thread/INFO]: [@: Game rule has been updated]
[18:53:46] [Server thread/INFO]: [@: Changing to clear weather]
[18:53:49] [Server thread/INFO]: [@: Game rule has been updated]
[18:53:49] [Server thread/INFO]: [@: Changing to clear weather]
[18:53:52] [Server thread/INFO]: [@: Game rule has been updated]
[18:53:52] [Server thread/INFO]: [@: Changing to clear weather]
[18:53:56] [Server thread/INFO]: [@: Game rule has been updated]
[18:53:56] [Server thread/INFO]: [@: Changing to clear weather]
[18:53:59] [Server thread/INFO]: [@: Game rule has been updated]
[18:53:59] [Server thread/INFO]: [@: Changing to clear weather]
[18:54:02] [Server thread/INFO]: [@: Game rule has been updated]
[18:54:02] [Server thread/INFO]: [@: Changing to clear weather]
[18:54:06] [Server thread/INFO]: [@: Game rule has been updated]
[18:54:06] [Server thread/INFO]: [@: Changing to clear weather]
[18:54:09] [Server thread/INFO]: [@: Game rule has been updated]
[18:54:09] [Server thread/INFO]: [@: Changing to clear weather]
[18:54:12] [Server thread/INFO]: [@: Game rule has been updated]
[18:54:12] [Server thread/INFO]: [@: Changing to clear weather]
[18:54:15] [Server thread/INFO]: [@: Game rule has been updated]
[18:54:15] [Server thread/INFO]: [@: Changing to clear weather]
[18:54:19] [Server thread/INFO]: [@: Game rule has been updated]
[18:54:19] [Server thread/INFO]: [@: Changing to clear weather]
[18:54:22] [Server thread/INFO]: [@: Game rule has been updated]
[18:54:22] [Server thread/INFO]: [@: Changing to clear weather]
[18:54:25] [Server thread/INFO]: [@: Game rule has been updated]
[18:54:25] [Server thread/INFO]: [@: Changing to clear weather]
[18:54:29] [Server thread/INFO]: [@: Game rule has been updated]
[18:54:29] [Server thread/INFO]: [@: Changing to clear weather]
[18:54:32] [Server thread/INFO]: [@: Game rule has been updated]
[18:54:32] [Server thread/INFO]: [@: Changing to clear weather]
[18:54:35] [Server thread/INFO]: [@: Game rule has been updated]
[18:54:35] [Server thread/INFO]: [@: Changing to clear weather]
[18:54:39] [Server thread/INFO]: [@: Game rule has been updated]
[18:54:39] [Server thread/INFO]: [@: Changing to clear weather]
[18:54:42] [Server thread/INFO]: [@: Game rule has been updated]
[18:54:42] [Server thread/INFO]: [@: Changing to clear weather]
[18:54:45] [Server thread/INFO]: [@: Game rule has been updated]
[18:54:45] [Server thread/INFO]: [@: Changing to clear weather]
[18:54:48] [Server thread/INFO]: [@: Game rule has been updated]
[18:54:48] [Server thread/INFO]: [@: Changing to clear weather]
[18:54:52] [Server thread/INFO]: [@: Game rule has been updated]
[18:54:52] [Server thread/INFO]: [@: Changing to clear weather]
[18:54:55] [Server thread/INFO]: [@: Game rule has been updated]
[18:54:55] [Server thread/INFO]: [@: Changing to clear weather]
[18:54:58] [Server thread/INFO]: [@: Game rule has been updated]
[18:54:58] [Server thread/INFO]: [@: Changing to clear weather]
[18:55:02] [Server thread/INFO]: [@: Game rule has been updated]
[18:55:02] [Server thread/INFO]: [@: Changing to clear weather]
[18:55:05] [Server thread/INFO]: [@: Game rule has been updated]
[18:55:05] [Server thread/INFO]: [@: Changing to clear weather]
[18:55:08] [Server thread/INFO]: [@: Game rule has been updated]
[18:55:08] [Server thread/INFO]: [@: Changing to clear weather]
[18:55:12] [Server thread/INFO]: [@: Game rule has been updated]
[18:55:12] [Server thread/INFO]: [@: Changing to clear weather]
[18:55:15] [Server thread/INFO]: [@: Game rule has been updated]
[18:55:15] [Server thread/INFO]: [@: Changing to clear weather]
[18:55:18] [Server thread/INFO]: [@: Game rule has been updated]
[18:55:18] [Server thread/INFO]: [@: Changing to clear weather]
[18:55:21] [Server thread/INFO]: [@: Game rule has been updated]
[18:55:21] [Server thread/INFO]: [@: Changing to clear weather]
[18:55:25] [Server thread/INFO]: [@: Game rule has been updated]
[18:55:25] [Server thread/INFO]: [@: Changing to clear weather]
[18:55:28] [Server thread/INFO]: [@: Game rule has been updated]
[18:55:28] [Server thread/INFO]: [@: Changing to clear weather]
[18:55:31] [Server thread/INFO]: [@: Game rule has been updated]
[18:55:31] [Server thread/INFO]: [@: Changing to clear weather]
[18:55:35] [Server thread/INFO]: [@: Game rule has been updated]
[18:55:35] [Server thread/INFO]: [@: Changing to clear weather]
[18:55:38] [Server thread/INFO]: [@: Game rule has been updated]
[18:55:38] [Server thread/INFO]: [@: Changing to clear weather]
[18:55:41] [Server thread/INFO]: [@: Game rule has been updated]
[18:55:41] [Server thread/INFO]: [@: Changing to clear weather]
[18:55:45] [Server thread/INFO]: [@: Game rule has been updated]
[18:55:45] [Server thread/INFO]: [@: Changing to clear weather]
[18:55:48] [Server thread/INFO]: [@: Game rule has been updated]
[18:55:48] [Server thread/INFO]: [@: Changing to clear weather]
[18:55:51] [Server thread/INFO]: [@: Game rule has been updated]
[18:55:51] [Server thread/INFO]: [@: Changing to clear weather]
[18:55:54] [Server thread/INFO]: [@: Game rule has been updated]
[18:55:54] [Server thread/INFO]: [@: Changing to clear weather]
[18:55:58] [Server thread/INFO]: [@: Game rule has been updated]
[18:55:58] [Server thread/INFO]: [@: Changing to clear weather]
[18:56:01] [Server thread/INFO]: [@: Game rule has been updated]
[18:56:01] [Server thread/INFO]: [@: Changing to clear weather]
[18:56:04] [Server thread/INFO]: [@: Game rule has been updated]
[18:56:04] [Server thread/INFO]: [@: Changing to clear weather]
[18:56:08] [Server thread/INFO]: [@: Game rule has been updated]
[18:56:08] [Server thread/INFO]: [@: Changing to clear weather]
[18:56:11] [Server thread/INFO]: [@: Game rule has been updated]
[18:56:11] [Server thread/INFO]: [@: Changing to clear weather]
[18:56:14] [Server thread/INFO]: [@: Game rule has been updated]
[18:56:14] [Server thread/INFO]: [@: Changing to clear weather]
[18:56:17] [Server thread/INFO]: [@: Game rule has been updated]
[18:56:17] [Server thread/INFO]: [@: Changing to clear weather]
[18:56:21] [Server thread/INFO]: [@: Game rule has been updated]
[18:56:21] [Server thread/INFO]: [@: Changing to clear weather]
[18:56:24] [Server thread/INFO]: [@: Game rule has been updated]
[18:56:24] [Server thread/INFO]: [@: Changing to clear weather]
[18:56:27] [Server thread/INFO]: [@: Game rule has been updated]
[18:56:27] [Server thread/INFO]: [@: Changing to clear weather]
[18:56:31] [Server thread/INFO]: [@: Game rule has been updated]
[18:56:31] [Server thread/INFO]: [@: Changing to clear weather]
[18:56:34] [Server thread/INFO]: [@: Game rule has been updated]
[18:56:34] [Server thread/INFO]: [@: Changing to clear weather]
[18:56:37] [Server thread/INFO]: [@: Game rule has been updated]
[18:56:37] [Server thread/INFO]: [@: Changing to clear weather]
[18:56:41] [Server thread/INFO]: [@: Game rule has been updated]
[18:56:41] [Server thread/INFO]: [@: Changing to clear weather]
[18:56:44] [Server thread/INFO]: [@: Game rule has been updated]
[18:56:44] [Server thread/INFO]: [@: Changing to clear weather]
[18:56:47] [Server thread/INFO]: [@: Game rule has been updated]
[18:56:47] [Server thread/INFO]: [@: Changing to clear weather]
[18:56:50] [Server thread/INFO]: [@: Game rule has been updated]
[18:56:50] [Server thread/INFO]: [@: Changing to clear weather]
[18:56:54] [Server thread/INFO]: [@: Game rule has been updated]
[18:56:54] [Server thread/INFO]: [@: Changing to clear weather]
[18:56:57] [Server thread/INFO]: [@: Game rule has been updated]
[18:56:57] [Server thread/INFO]: [@: Changing to clear weather]
[18:57:00] [Server thread/INFO]: [@: Game rule has been updated]
[18:57:00] [Server thread/INFO]: [@: Changing to clear weather]
[18:57:04] [Server thread/INFO]: [@: Game rule has been updated]
[18:57:04] [Server thread/INFO]: [@: Changing to clear weather]
[18:57:07] [Server thread/INFO]: [@: Game rule has been updated]
[18:57:07] [Server thread/INFO]: [@: Changing to clear weather]
[18:57:10] [Server thread/INFO]: [@: Game rule has been updated]
[18:57:10] [Server thread/INFO]: [@: Changing to clear weather]
[18:57:14] [Server thread/INFO]: [@: Game rule has been updated]
[18:57:14] [Server thread/INFO]: [@: Changing to clear weather]
[18:57:17] [Server thread/INFO]: [@: Game rule has been updated]
[18:57:17] [Server thread/INFO]: [@: Changing to clear weather]
[18:57:20] [Server thread/INFO]: [@: Game rule has been updated]
[18:57:20] [Server thread/INFO]: [@: Changing to clear weather]
[18:57:23] [Server thread/INFO]: [@: Game rule has been updated]
[18:57:24] [Server thread/INFO]: [@: Changing to clear weather]
[18:57:27] [Server thread/INFO]: [@: Game rule has been updated]
[18:57:27] [Server thread/INFO]: [@: Changing to clear weather]
[18:57:30] [Server thread/INFO]: [@: Game rule has been updated]
[18:57:30] [Server thread/INFO]: [@: Changing to clear weather]
[18:57:33] [Server thread/INFO]: [@: Game rule has been updated]
[18:57:33] [Server thread/INFO]: [@: Changing to clear weather]
[18:57:37] [Server thread/INFO]: [@: Game rule has been updated]
[18:57:37] [Server thread/INFO]: [@: Changing to clear weather]
[18:57:40] [Server thread/INFO]: [@: Game rule has been updated]
[18:57:40] [Server thread/INFO]: [@: Changing to clear weather]
[18:57:43] [Server thread/INFO]: [@: Game rule has been updated]
[18:57:43] [Server thread/INFO]: [@: Changing to clear weather]
[18:57:47] [Server thread/INFO]: [@: Game rule has been updated]
[18:57:47] [Server thread/INFO]: [@: Changing to clear weather]
[18:57:50] [Server thread/INFO]: [@: Game rule has been updated]
[18:57:50] [Server thread/INFO]: [@: Changing to clear weather]
[18:57:53] [Server thread/INFO]: [@: Game rule has been updated]
[18:57:53] [Server thread/INFO]: [@: Changing to clear weather]
[18:57:57] [Server thread/INFO]: [@: Game rule has been updated]
[18:57:57] [Server thread/INFO]: [@: Changing to clear weather]
[18:58:00] [Server thread/INFO]: [@: Game rule has been updated]
[18:58:00] [Server thread/INFO]: [@: Changing to clear weather]
[18:58:03] [Server thread/INFO]: [@: Game rule has been updated]
[18:58:03] [Server thread/INFO]: [@: Changing to clear weather]
[18:58:06] [Server thread/INFO]: [@: Game rule has been updated]
[18:58:06] [Server thread/INFO]: [@: Changing to clear weather]
[18:58:10] [Server thread/INFO]: [@: Game rule has been updated]
[18:58:10] [Server thread/INFO]: [@: Changing to clear weather]
[18:58:13] [Server thread/INFO]: [@: Game rule has been updated]
[18:58:13] [Server thread/INFO]: [@: Changing to clear weather]
[18:58:16] [Server thread/INFO]: [@: Game rule has been updated]
[18:58:16] [Server thread/INFO]: [@: Changing to clear weather]
[18:58:20] [Server thread/INFO]: [@: Game rule has been updated]
[18:58:20] [Server thread/INFO]: [@: Changing to clear weather]
[18:58:23] [Server thread/INFO]: [@: Game rule has been updated]
[18:58:23] [Server thread/INFO]: [@: Changing to clear weather]
[18:58:26] [Server thread/INFO]: [@: Game rule has been updated]
[18:58:26] [Server thread/INFO]: [@: Changing to clear weather]
[18:58:29] [Server thread/INFO]: [@: Game rule has been updated]
[18:58:30] [Server thread/INFO]: [@: Changing to clear weather]
[18:58:33] [Server thread/INFO]: [@: Game rule has been updated]
[18:58:33] [Server thread/INFO]: [@: Changing to clear weather]
[18:58:36] [Server thread/INFO]: [@: Game rule has been updated]
[18:58:36] [Server thread/INFO]: [@: Changing to clear weather]
[18:58:39] [Server thread/INFO]: [@: Game rule has been updated]
[18:58:39] [Server thread/INFO]: [@: Changing to clear weather]
[18:58:43] [Server thread/INFO]: [@: Game rule has been updated]
[18:58:43] [Server thread/INFO]: [@: Changing to clear weather]
[18:58:46] [Server thread/INFO]: [@: Game rule has been updated]
[18:58:46] [Server thread/INFO]: [@: Changing to clear weather]
[18:58:49] [Server thread/INFO]: [@: Game rule has been updated]
[18:58:49] [Server thread/INFO]: [@: Changing to clear weather]
[18:58:53] [Server thread/INFO]: [@: Game rule has been updated]
[18:58:53] [Server thread/INFO]: [@: Changing to clear weather]
[18:58:56] [Server thread/INFO]: [@: Game rule has been updated]
[18:58:56] [Server thread/INFO]: [@: Changing to clear weather]
[18:58:59] [Server thread/INFO]: [@: Game rule has been updated]
[18:58:59] [Server thread/INFO]: [@: Changing to clear weather]
[18:59:02] [Server thread/INFO]: [@: Game rule has been updated]
[18:59:03] [Server thread/INFO]: [@: Changing to clear weather]
[18:59:06] [Server thread/INFO]: [@: Game rule has been updated]
[18:59:06] [Server thread/INFO]: [@: Changing to clear weather]
[18:59:09] [Server thread/INFO]: [@: Game rule has been updated]
[18:59:09] [Server thread/INFO]: [@: Changing to clear weather]
[18:59:12] [Server thread/INFO]: [@: Game rule has been updated]
[18:59:12] [Server thread/INFO]: [@: Changing to clear weather]
[18:59:16] [Server thread/INFO]: [@: Game rule has been updated]
[18:59:16] [Server thread/INFO]: [@: Changing to clear weather]
[18:59:19] [Server thread/INFO]: [@: Game rule has been updated]
[18:59:19] [Server thread/INFO]: [@: Changing to clear weather]
[18:59:22] [Server thread/INFO]: [@: Game rule has been updated]
[18:59:22] [Server thread/INFO]: [@: Changing to clear weather]
[18:59:26] [Server thread/INFO]: [@: Game rule has been updated]
[18:59:26] [Server thread/INFO]: [@: Changing to clear weather]
[18:59:29] [Server thread/INFO]: [@: Game rule has been updated]
[18:59:29] [Server thread/INFO]: [@: Changing to clear weather]
[18:59:32] [Server thread/INFO]: [@: Game rule has been updated]
[18:59:32] [Server thread/INFO]: [@: Changing to clear weather]
[18:59:35] [Server thread/INFO]: [@: Game rule has been updated]
[18:59:35] [Server thread/INFO]: [@: Changing to clear weather]
[18:59:39] [Server thread/INFO]: [@: Game rule has been updated]
[18:59:39] [Server thread/INFO]: [@: Changing to clear weather]
[18:59:42] [Server thread/INFO]: [@: Game rule has been updated]
[18:59:42] [Server thread/INFO]: [@: Changing to clear weather]
[18:59:45] [Server thread/INFO]: [@: Game rule has been updated]
[18:59:45] [Server thread/INFO]: [@: Changing to clear weather]
[18:59:49] [Server thread/INFO]: [@: Game rule has been updated]
[18:59:49] [Server thread/INFO]: [@: Changing to clear weather]
[18:59:52] [Server thread/INFO]: [@: Game rule has been updated]
[18:59:52] [Server thread/INFO]: [@: Changing to clear weather]
[18:59:55] [Server thread/INFO]: [@: Game rule has been updated]
[18:59:55] [Server thread/INFO]: [@: Changing to clear weather]
[18:59:59] [Server thread/INFO]: [@: Game rule has been updated]
[18:59:59] [Server thread/INFO]: [@: Changing to clear weather]
[19:00:02] [Server thread/INFO]: [@: Game rule has been updated]
[19:00:02] [Server thread/INFO]: [@: Changing to clear weather]
[19:00:05] [Server thread/INFO]: [@: Game rule has been updated]
[19:00:05] [Server thread/INFO]: [@: Changing to clear weather]
[19:00:08] [Server thread/INFO]: [@: Game rule has been updated]
[19:00:08] [Server thread/INFO]: [@: Changing to clear weather]
[19:00:12] [Server thread/INFO]: [@: Game rule has been updated]
[19:00:12] [Server thread/INFO]: [@: Changing to clear weather]
[19:00:15] [Server thread/INFO]: [@: Game rule has been updated]
[19:00:15] [Server thread/INFO]: [@: Changing to clear weather]
[19:00:18] [Server thread/INFO]: [@: Game rule has been updated]
[19:00:18] [Server thread/INFO]: [@: Changing to clear weather]
[19:00:22] [Server thread/INFO]: [@: Game rule has been updated]
[19:00:22] [Server thread/INFO]: [@: Changing to clear weather]
[19:00:25] [Server thread/INFO]: [@: Game rule has been updated]
[19:00:25] [Server thread/INFO]: [@: Changing to clear weather]
[19:00:28] [Server thread/INFO]: [@: Game rule has been updated]
[19:00:28] [Server thread/INFO]: [@: Changing to clear weather]
[19:00:32] [Server thread/INFO]: [@: Game rule has been updated]
[19:00:32] [Server thread/INFO]: [@: Changing to clear weather]
[19:00:35] [Server thread/INFO]: [@: Game rule has been updated]
[19:00:35] [Server thread/INFO]: [@: Changing to clear weather]
[19:00:38] [Server thread/INFO]: [@: Game rule has been updated]
[19:00:38] [Server thread/INFO]: [@: Changing to clear weather]
[19:00:41] [Server thread/INFO]: [@: Game rule has been updated]
[19:00:42] [Server thread/INFO]: [@: Changing to clear weather]
[19:00:45] [Server thread/INFO]: [@: Game rule has been updated]
[19:00:45] [Server thread/INFO]: [@: Changing to clear weather]
[19:00:48] [Server thread/INFO]: [@: Game rule has been updated]
[19:00:48] [Server thread/INFO]: [@: Changing to clear weather]
[19:00:51] [Server thread/INFO]: [@: Game rule has been updated]
[19:00:51] [Server thread/INFO]: [@: Changing to clear weather]
[19:00:55] [Server thread/INFO]: [@: Game rule has been updated]
[19:00:55] [Server thread/INFO]: [@: Changing to clear weather]
[19:00:58] [Server thread/INFO]: [@: Game rule has been updated]
[19:00:58] [Server thread/INFO]: [@: Changing to clear weather]
[19:01:01] [Server thread/INFO]: [@: Game rule has been updated]
[19:01:01] [Server thread/INFO]: [@: Changing to clear weather]
[19:01:05] [Server thread/INFO]: [@: Game rule has been updated]
[19:01:05] [Server thread/INFO]: [@: Changing to clear weather]
[19:01:08] [Server thread/INFO]: [@: Game rule has been updated]
[19:01:08] [Server thread/INFO]: [@: Changing to clear weather]
[19:01:11] [Server thread/INFO]: [@: Game rule has been updated]
[19:01:11] [Server thread/INFO]: [@: Changing to clear weather]
[19:01:15] [Server thread/INFO]: [@: Game rule has been updated]
[19:01:15] [Server thread/INFO]: [@: Changing to clear weather]
[19:01:18] [Server thread/INFO]: [@: Game rule has been updated]
[19:01:18] [Server thread/INFO]: [@: Changing to clear weather]
[19:01:21] [Server thread/INFO]: [@: Game rule has been updated]
[19:01:21] [Server thread/INFO]: [@: Changing to clear weather]
[19:01:24] [Server thread/INFO]: [@: Game rule has been updated]
[19:01:24] [Server thread/INFO]: [@: Changing to clear weather]
[19:01:28] [Server thread/INFO]: [@: Game rule has been updated]
[19:01:28] [Server thread/INFO]: [@: Changing to clear weather]
[19:01:31] [Server thread/INFO]: [@: Game rule has been updated]
[19:01:31] [Server thread/INFO]: [@: Changing to clear weather]
[19:01:34] [Server thread/INFO]: [@: Game rule has been updated]
[19:01:34] [Server thread/INFO]: [@: Changing to clear weather]
[19:01:38] [Server thread/INFO]: [@: Game rule has been updated]
[19:01:38] [Server thread/INFO]: [@: Changing to clear weather]
[19:01:41] [Server thread/INFO]: [@: Game rule has been updated]
[19:01:41] [Server thread/INFO]: [@: Changing to clear weather]
[19:01:44] [Server thread/INFO]: [@: Game rule has been updated]
[19:01:44] [Server thread/INFO]: [@: Changing to clear weather]
[19:01:48] [Server thread/INFO]: [@: Game rule has been updated]
[19:01:48] [Server thread/INFO]: [@: Changing to clear weather]
[19:01:51] [Server thread/INFO]: [@: Game rule has been updated]
[19:01:51] [Server thread/INFO]: [@: Changing to clear weather]
[19:01:54] [Server thread/INFO]: [@: Game rule has been updated]
[19:01:54] [Server thread/INFO]: [@: Changing to clear weather]
[19:01:57] [Server thread/INFO]: [@: Game rule has been updated]
[19:01:57] [Server thread/INFO]: [@: Changing to clear weather]
[19:02:01] [Server thread/INFO]: [@: Game rule has been updated]
[19:02:01] [Server thread/INFO]: [@: Changing to clear weather]
[19:02:04] [Server thread/INFO]: [@: Game rule has been updated]
[19:02:04] [Server thread/INFO]: [@: Changing to clear weather]
[19:02:07] [Server thread/INFO]: [@: Game rule has been updated]
[19:02:07] [Server thread/INFO]: [@: Changing to clear weather]
[19:02:11] [Server thread/INFO]: [@: Game rule has been updated]
[19:02:11] [Server thread/INFO]: [@: Changing to clear weather]
[19:02:14] [Server thread/INFO]: [@: Game rule has been updated]
[19:02:14] [Server thread/INFO]: [@: Changing to clear weather]
[19:02:17] [Server thread/INFO]: [@: Game rule has been updated]
[19:02:17] [Server thread/INFO]: [@: Changing to clear weather]
[19:02:21] [Server thread/INFO]: [@: Game rule has been updated]
[19:02:21] [Server thread/INFO]: [@: Changing to clear weather]
[19:02:24] [Server thread/INFO]: [@: Game rule has been updated]
[19:02:24] [Server thread/INFO]: [@: Changing to clear weather]
[19:02:27] [Server thread/INFO]: [@: Game rule has been updated]
[19:02:27] [Server thread/INFO]: [@: Changing to clear weather]
[19:02:30] [Server thread/INFO]: [@: Game rule has been updated]
[19:02:30] [Server thread/INFO]: [@: Changing to clear weather]
[19:02:34] [Server thread/INFO]: [@: Game rule has been updated]
[19:02:34] [Server thread/INFO]: [@: Changing to clear weather]
[19:02:37] [Server thread/INFO]: [@: Game rule has been updated]
[19:02:37] [Server thread/INFO]: [@: Changing to clear weather]
[19:02:40] [Server thread/INFO]: [@: Game rule has been updated]
[19:02:40] [Server thread/INFO]: [@: Changing to clear weather]
[19:02:44] [Server thread/INFO]: [@: Game rule has been updated]
[19:02:44] [Server thread/INFO]: [@: Changing to clear weather]
[19:02:47] [Server thread/INFO]: [@: Game rule has been updated]
[19:02:47] [Server thread/INFO]: [@: Changing to clear weather]
[19:02:50] [Server thread/INFO]: [@: Game rule has been updated]
[19:02:50] [Server thread/INFO]: [@: Changing to clear weather]
[19:02:54] [Server thread/INFO]: [@: Game rule has been updated]
[19:02:54] [Server thread/INFO]: [@: Changing to clear weather]
[19:02:57] [Server thread/INFO]: [@: Game rule has been updated]
[19:02:57] [Server thread/INFO]: [@: Changing to clear weather]
[19:03:00] [Server thread/INFO]: [@: Game rule has been updated]
[19:03:00] [Server thread/INFO]: [@: Changing to clear weather]
[19:03:03] [Server thread/INFO]: [@: Game rule has been updated]
[19:03:03] [Server thread/INFO]: [@: Changing to clear weather]
[19:03:07] [Server thread/INFO]: [@: Game rule has been updated]
[19:03:07] [Server thread/INFO]: [@: Changing to clear weather]
[19:03:10] [Server thread/INFO]: [@: Game rule has been updated]
[19:03:10] [Server thread/INFO]: [@: Changing to clear weather]
[19:03:13] [Server thread/INFO]: [@: Game rule has been updated]
[19:03:13] [Server thread/INFO]: [@: Changing to clear weather]
[19:03:17] [Server thread/INFO]: [@: Game rule has been updated]
[19:03:17] [Server thread/INFO]: [@: Changing to clear weather]
[19:03:20] [Server thread/INFO]: [@: Game rule has been updated]
[19:03:20] [Server thread/INFO]: [@: Changing to clear weather]
[19:03:23] [Server thread/INFO]: [@: Game rule has been updated]
[19:03:23] [Server thread/INFO]: [@: Changing to clear weather]
[19:03:27] [Server thread/INFO]: [@: Game rule has been updated]
[19:03:27] [Server thread/INFO]: [@: Changing to clear weather]
[19:03:30] [Server thread/INFO]: [@: Game rule has been updated]
[19:03:30] [Server thread/INFO]: [@: Changing to clear weather]
[19:03:33] [Server thread/INFO]: [@: Game rule has been updated]
[19:03:33] [Server thread/INFO]: [@: Changing to clear weather]
[19:03:36] [Server thread/INFO]: [@: Game rule has been updated]
[19:03:36] [Server thread/INFO]: [@: Changing to clear weather]
[19:03:40] [Server thread/INFO]: [@: Game rule has been updated]
[19:03:40] [Server thread/INFO]: [@: Changing to clear weather]
[19:03:43] [Server thread/INFO]: [@: Game rule has been updated]
[19:03:43] [Server thread/INFO]: [@: Changing to clear weather]
[19:03:46] [Server thread/INFO]: [@: Game rule has been updated]
[19:03:46] [Server thread/INFO]: [@: Changing to clear weather]
[19:03:50] [Server thread/INFO]: [@: Game rule has been updated]
[19:03:50] [Server thread/INFO]: [@: Changing to clear weather]
[19:03:53] [Server thread/INFO]: [@: Game rule has been updated]
[19:03:53] [Server thread/INFO]: [@: Changing to clear weather]
[19:03:56] [Server thread/INFO]: [@: Game rule has been updated]
[19:03:56] [Server thread/INFO]: [@: Changing to clear weather]
[19:04:00] [Server thread/INFO]: [@: Game rule has been updated]
[19:04:00] [Server thread/INFO]: [@: Changing to clear weather]
[19:04:03] [Server thread/INFO]: [@: Game rule has been updated]
[19:04:03] [Server thread/INFO]: [@: Changing to clear weather]
[19:04:06] [Server thread/INFO]: [@: Game rule has been updated]
[19:04:06] [Server thread/INFO]: [@: Changing to clear weather]
[19:04:09] [Server thread/INFO]: [@: Game rule has been updated]
[19:04:09] [Server thread/INFO]: [@: Changing to clear weather]
[19:04:13] [Server thread/INFO]: [@: Game rule has been updated]
[19:04:13] [Server thread/INFO]: [@: Changing to clear weather]
[19:04:16] [Server thread/INFO]: [@: Game rule has been updated]
[19:04:16] [Server thread/INFO]: [@: Changing to clear weather]
[19:04:19] [Server thread/INFO]: [@: Game rule has been updated]
[19:04:19] [Server thread/INFO]: [@: Changing to clear weather]
[19:04:23] [Server thread/INFO]: [@: Game rule has been updated]
[19:04:23] [Server thread/INFO]: [@: Changing to clear weather]
[19:04:26] [Server thread/INFO]: [@: Game rule has been updated]
[19:04:26] [Server thread/INFO]: [@: Changing to clear weather]
[19:04:29] [Server thread/INFO]: [@: Game rule has been updated]
[19:04:29] [Server thread/INFO]: [@: Changing to clear weather]
[19:04:33] [Server thread/INFO]: [@: Game rule has been updated]
[19:04:33] [Server thread/INFO]: [@: Changing to clear weather]
[19:04:36] [Server thread/INFO]: [@: Game rule has been updated]
[19:04:36] [Server thread/INFO]: [@: Changing to clear weather]
[19:04:39] [Server thread/INFO]: [@: Game rule has been updated]
[19:04:39] [Server thread/INFO]: [@: Changing to clear weather]
[19:04:42] [Server thread/INFO]: [@: Game rule has been updated]
[19:04:42] [Server thread/INFO]: [@: Changing to clear weather]
[19:04:46] [Server thread/INFO]: [@: Game rule has been updated]
[19:04:46] [Server thread/INFO]: [@: Changing to clear weather]
[19:04:49] [Server thread/INFO]: [@: Game rule has been updated]
[19:04:49] [Server thread/INFO]: [@: Changing to clear weather]
[19:04:52] [Server thread/INFO]: [@: Game rule has been updated]
[19:04:52] [Server thread/INFO]: [@: Changing to clear weather]
[19:04:56] [Server thread/INFO]: [@: Game rule has been updated]
[19:04:56] [Server thread/INFO]: [@: Changing to clear weather]
[19:04:59] [Server thread/INFO]: [@: Game rule has been updated]
[19:04:59] [Server thread/INFO]: [@: Changing to clear weather]
[19:05:02] [Server thread/INFO]: [@: Game rule has been updated]
[19:05:02] [Server thread/INFO]: [@: Changing to clear weather]
[19:05:06] [Server thread/INFO]: [@: Game rule has been updated]
[19:05:06] [Server thread/INFO]: [@: Changing to clear weather]
[19:05:09] [Server thread/INFO]: [@: Game rule has been updated]
[19:05:09] [Server thread/INFO]: [@: Changing to clear weather]
[19:05:12] [Server thread/INFO]: [@: Game rule has been updated]
[19:05:12] [Server thread/INFO]: [@: Changing to clear weather]
[19:05:15] [Server thread/INFO]: [@: Game rule has been updated]
[19:05:15] [Server thread/INFO]: [@: Changing to clear weather]
[19:05:19] [Server thread/INFO]: [@: Game rule has been updated]
[19:05:19] [Server thread/INFO]: [@: Changing to clear weather]
[19:05:22] [Server thread/INFO]: [@: Game rule has been updated]
[19:05:22] [Server thread/INFO]: [@: Changing to clear weather]
[19:05:25] [Server thread/INFO]: [@: Game rule has been updated]
[19:05:25] [Server thread/INFO]: [@: Changing to clear weather]
[19:05:29] [Server thread/INFO]: [@: Game rule has been updated]
[19:05:29] [Server thread/INFO]: [@: Changing to clear weather]
[19:05:32] [Server thread/INFO]: [@: Game rule has been updated]
[19:05:32] [Server thread/INFO]: [@: Changing to clear weather]
[19:05:35] [Server thread/INFO]: [@: Game rule has been updated]
[19:05:35] [Server thread/INFO]: [@: Changing to clear weather]
[19:05:38] [Server thread/INFO]: [@: Game rule has been updated]
[19:05:38] [Server thread/INFO]: [@: Changing to clear weather]
[19:05:42] [Server thread/INFO]: [@: Game rule has been updated]
[19:05:42] [Server thread/INFO]: [@: Changing to clear weather]
[19:05:45] [Server thread/INFO]: [@: Game rule has been updated]
[19:05:45] [Server thread/INFO]: [@: Changing to clear weather]
[19:05:48] [Server thread/INFO]: [@: Game rule has been updated]
[19:05:48] [Server thread/INFO]: [@: Changing to clear weather]
[19:05:52] [Server thread/INFO]: [@: Game rule has been updated]
[19:05:52] [Server thread/INFO]: [@: Changing to clear weather]
[19:05:55] [Server thread/INFO]: [@: Game rule has been updated]
[19:05:55] [Server thread/INFO]: [@: Changing to clear weather]
[19:05:58] [Server thread/INFO]: [@: Game rule has been updated]
[19:05:58] [Server thread/INFO]: [@: Changing to clear weather]
[19:06:02] [Server thread/INFO]: [@: Game rule has been updated]
[19:06:02] [Server thread/INFO]: [@: Changing to clear weather]
[19:06:05] [Server thread/INFO]: [@: Game rule has been updated]
[19:06:05] [Server thread/INFO]: [@: Changing to clear weather]
[19:06:08] [Server thread/INFO]: [@: Game rule has been updated]
[19:06:08] [Server thread/INFO]: [@: Changing to clear weather]
[19:06:11] [Server thread/INFO]: [@: Game rule has been updated]
[19:06:12] [Server thread/INFO]: [@: Changing to clear weather]
[19:06:15] [Server thread/INFO]: [@: Game rule has been updated]
[19:06:15] [Server thread/INFO]: [@: Changing to clear weather]
[19:06:18] [Server thread/INFO]: [@: Game rule has been updated]
[19:06:18] [Server thread/INFO]: [@: Changing to clear weather]
[19:06:21] [Server thread/INFO]: [@: Game rule has been updated]
[19:06:21] [Server thread/INFO]: [@: Changing to clear weather]
[19:06:25] [Server thread/INFO]: [@: Game rule has been updated]
[19:06:25] [Server thread/INFO]: [@: Changing to clear weather]
[19:06:28] [Server thread/INFO]: [@: Game rule has been updated]
[19:06:28] [Server thread/INFO]: [@: Changing to clear weather]
[19:06:31] [Server thread/INFO]: [@: Game rule has been updated]
[19:06:31] [Server thread/INFO]: [@: Changing to clear weather]
[19:06:35] [Server thread/INFO]: [@: Game rule has been updated]
[19:06:35] [Server thread/INFO]: [@: Changing to clear weather]
[19:06:38] [Server thread/INFO]: [@: Game rule has been updated]
[19:06:38] [Server thread/INFO]: [@: Changing to clear weather]
[19:06:41] [Server thread/INFO]: [@: Game rule has been updated]
[19:06:41] [Server thread/INFO]: [@: Changing to clear weather]
[19:06:44] [Server thread/INFO]: [@: Game rule has been updated]
[19:06:44] [Server thread/INFO]: [@: Changing to clear weather]
[19:06:48] [Server thread/INFO]: [@: Game rule has been updated]
[19:06:48] [Server thread/INFO]: [@: Changing to clear weather]
[19:06:51] [Server thread/INFO]: [@: Game rule has been updated]
[19:06:51] [Server thread/INFO]: [@: Changing to clear weather]
[19:06:54] [Server thread/INFO]: [@: Game rule has been updated]
[19:06:54] [Server thread/INFO]: [@: Changing to clear weather]
[19:06:58] [Server thread/INFO]: [@: Game rule has been updated]
[19:06:58] [Server thread/INFO]: [@: Changing to clear weather]
[19:07:01] [Server thread/INFO]: [@: Game rule has been updated]
[19:07:01] [Server thread/INFO]: [@: Changing to clear weather]
[19:07:04] [Server thread/INFO]: [@: Game rule has been updated]
[19:07:04] [Server thread/INFO]: [@: Changing to clear weather]
[19:07:08] [Server thread/INFO]: [@: Game rule has been updated]
[19:07:08] [Server thread/INFO]: [@: Changing to clear weather]
[19:07:11] [Server thread/INFO]: [@: Game rule has been updated]
[19:07:11] [Server thread/INFO]: [@: Changing to clear weather]
[19:07:14] [Server thread/INFO]: [@: Game rule has been updated]
[19:07:14] [Server thread/INFO]: [@: Changing to clear weather]
[19:07:18] [Server thread/INFO]: [@: Game rule has been updated]
[19:07:18] [Server thread/INFO]: [@: Changing to clear weather]
[19:07:21] [Server thread/INFO]: [@: Game rule has been updated]
[19:07:21] [Server thread/INFO]: [@: Changing to clear weather]
[19:07:24] [Server thread/INFO]: [@: Game rule has been updated]
[19:07:24] [Server thread/INFO]: [@: Changing to clear weather]
[19:07:27] [Server thread/INFO]: [@: Game rule has been updated]
[19:07:27] [Server thread/INFO]: [@: Changing to clear weather]
[19:07:30] [Server thread/INFO]: Saving and pausing game...
[19:07:30] [Server thread/INFO]: Saving chunks for level 'New World'/Overworld
[19:07:30] [Server thread/INFO]: Saving chunks for level 'New World'/Nether
[19:07:30] [Server thread/INFO]: Saving chunks for level 'New World'/The End
[19:07:30] [Server thread/INFO]: Stopping server
[19:07:30] [Server thread/INFO]: Saving players
[19:07:30] [Server thread/INFO]: Saving worlds
[19:07:30] [Server thread/INFO]: Saving chunks for level 'New World'/Overworld
[19:07:30] [Server thread/INFO]: Saving chunks for level 'New World'/Nether
[19:07:30] [Server thread/INFO]: Saving chunks for level 'New World'/The End
[19:07:32] [Client thread/INFO]: Stopping!
